#
# There is insufficient memory for the Java Runtime Environment to continue.
# Native memory allocation (malloc) failed to allocate 262160 bytes. Error detail: Chunk::new
# Possible reasons:
#   The system is out of physical RAM or swap space
#   This process is running with CompressedOops enabled, and the Java Heap may be blocking the growth of the native heap
# Possible solutions:
#   Reduce memory load on the system
#   Increase physical memory or swap space
#   Check if swap backing store is full
#   Decrease Java heap size (-Xmx/-Xms)
#   Decrease number of Java threads
#   Decrease Java thread stack sizes (-Xss)
#   Set larger code cache with -XX:ReservedCodeCacheSize=
#   JVM is running with Unscaled Compressed Oops mode in which the Java heap is
#     placed in the first 4GB address space. The Java Heap base address is the
#     maximum limit for the native heap growth. Please use -XX:HeapBaseMinAddress
#     to set the Java Heap base and to place the Java Heap above 4GB virtual address.
# This output file may be truncated or incomplete.
#
#  Out of Memory Error (arena.cpp:191), pid=13992, tid=8388
#
# JRE version: OpenJDK Runtime Environment Microsoft-10800295 (17.0.14+7) (build 17.0.14+7-LTS)
# Java VM: OpenJDK 64-Bit Server VM Microsoft-10800295 (17.0.14+7-LTS, mixed mode, sharing, tiered, compressed oops, compressed class ptrs, g1 gc, windows-amd64)
# No core dump will be written. Minidumps are not enabled by default on client versions of Windows
#

---------------  S U M M A R Y ------------

Command Line: -Xmx64m -Xms64m -Dorg.gradle.appname=gradlew org.gradle.wrapper.GradleWrapperMain app:installDebug -PreactNativeDevServerPort=8081

Host: Intel(R) Core(TM) i3-4170 CPU @ 3.70GHz, 4 cores, 7G,  Windows 10 , 64 bit Build 19041 (10.0.19041.5678)
Time: Tue Apr 29 17:11:46 2025 Hora oficial do Brasil elapsed time: 489.614683 seconds (0d 0h 8m 9s)

---------------  T H R E A D  ---------------

Current thread (0x0000017d73f3c3d0):  JavaThread "C2 CompilerThread0" daemon [_thread_in_native, id=8388, stack(0x0000003723500000,0x0000003723600000)]


Current CompileTask:
C2: 489634 1939       4       org.gradle.internal.logging.console.BuildStatusRenderer::onOutput (350 bytes)

Stack: [0x0000003723500000,0x0000003723600000]
Native frames: (J=compiled Java code, j=interpreted, Vv=VM code, C=native code)
V  [jvm.dll+0x6886b9]
V  [jvm.dll+0x83f6f8]
V  [jvm.dll+0x8411a3]
V  [jvm.dll+0x841813]
V  [jvm.dll+0x2495cf]
V  [jvm.dll+0xad0d4]
V  [jvm.dll+0xad76c]
V  [jvm.dll+0xad1e4]
V  [jvm.dll+0x6ae355]
V  [jvm.dll+0x346b1b]
V  [jvm.dll+0x3453a9]
V  [jvm.dll+0x6a31c0]
V  [jvm.dll+0x69c2b0]
V  [jvm.dll+0x69d83b]
V  [jvm.dll+0x6a11a3]
V  [jvm.dll+0x699063]
V  [jvm.dll+0x6988f0]
V  [jvm.dll+0x696702]
V  [jvm.dll+0x1a852c]
V  [jvm.dll+0x2aff30]
V  [jvm.dll+0x6a11ca]
V  [jvm.dll+0x699063]
V  [jvm.dll+0x6988f0]
V  [jvm.dll+0x696702]
V  [jvm.dll+0x1a852c]
V  [jvm.dll+0x2aff30]
V  [jvm.dll+0x6a11ca]
V  [jvm.dll+0x699063]
V  [jvm.dll+0x6988f0]
V  [jvm.dll+0x696702]
V  [jvm.dll+0x1a852c]
V  [jvm.dll+0x1a90cd]
V  [jvm.dll+0x2aff30]
V  [jvm.dll+0x6a11ca]
V  [jvm.dll+0x699063]
V  [jvm.dll+0x6988f0]
V  [jvm.dll+0x696702]
V  [jvm.dll+0x1a852c]
V  [jvm.dll+0x2aff30]
V  [jvm.dll+0x6a11ca]
V  [jvm.dll+0x699063]
V  [jvm.dll+0x6988f0]
V  [jvm.dll+0x696702]
V  [jvm.dll+0x1a852c]
V  [jvm.dll+0x1a90cd]
V  [jvm.dll+0x2aff30]
V  [jvm.dll+0x6a11ca]
V  [jvm.dll+0x699063]
V  [jvm.dll+0x6988f0]
V  [jvm.dll+0x696702]
V  [jvm.dll+0x1a852c]
V  [jvm.dll+0x1a90cd]
V  [jvm.dll+0x2aff30]
V  [jvm.dll+0x6a11ca]
V  [jvm.dll+0x699063]
V  [jvm.dll+0x6988f0]
V  [jvm.dll+0x696702]
V  [jvm.dll+0x1a852c]
V  [jvm.dll+0x2aff30]
V  [jvm.dll+0x6a11ca]
V  [jvm.dll+0x699063]
V  [jvm.dll+0x6988f0]
V  [jvm.dll+0x696702]
V  [jvm.dll+0x1a852c]
V  [jvm.dll+0x2197c8]
V  [jvm.dll+0x1a5596]
V  [jvm.dll+0x22a27a]
V  [jvm.dll+0x2283bb]
V  [jvm.dll+0x7f4f48]
V  [jvm.dll+0x7ef2ac]
V  [jvm.dll+0x687597]
C  [ucrtbase.dll+0x21bb2]
C  [KERNEL32.DLL+0x17374]
C  [ntdll.dll+0x4cc91]


---------------  P R O C E S S  ---------------

Threads class SMR info:
_java_thread_list=0x0000017d7f3594f0, length=13, elements={
0x0000017d73e82100, 0x0000017d73f185b0, 0x0000017d73f19430, 0x0000017d73f301a0,
0x0000017d73f32e30, 0x0000017d73f34800, 0x0000017d73f361d0, 0x0000017d73f3c3d0,
0x0000017d73f3d280, 0x0000017d73f3e460, 0x0000017d7e1863e0, 0x0000017d7e188d70,
0x0000017d7edb9030
}

Java Threads: ( => current thread )
  0x0000017d73e82100 JavaThread "main" [_thread_in_native, id=6268, stack(0x0000003722800000,0x0000003722900000)]
  0x0000017d73f185b0 JavaThread "Reference Handler" daemon [_thread_blocked, id=1560, stack(0x0000003722f00000,0x0000003723000000)]
  0x0000017d73f19430 JavaThread "Finalizer" daemon [_thread_blocked, id=11580, stack(0x0000003723000000,0x0000003723100000)]
  0x0000017d73f301a0 JavaThread "Signal Dispatcher" daemon [_thread_blocked, id=8148, stack(0x0000003723100000,0x0000003723200000)]
  0x0000017d73f32e30 JavaThread "Attach Listener" daemon [_thread_blocked, id=3304, stack(0x0000003723200000,0x0000003723300000)]
  0x0000017d73f34800 JavaThread "Service Thread" daemon [_thread_blocked, id=15928, stack(0x0000003723300000,0x0000003723400000)]
  0x0000017d73f361d0 JavaThread "Monitor Deflation Thread" daemon [_thread_blocked, id=1460, stack(0x0000003723400000,0x0000003723500000)]
=>0x0000017d73f3c3d0 JavaThread "C2 CompilerThread0" daemon [_thread_in_native, id=8388, stack(0x0000003723500000,0x0000003723600000)]
  0x0000017d73f3d280 JavaThread "C1 CompilerThread0" daemon [_thread_blocked, id=6060, stack(0x0000003723600000,0x0000003723700000)]
  0x0000017d73f3e460 JavaThread "Sweeper thread" daemon [_thread_blocked, id=15316, stack(0x0000003723700000,0x0000003723800000)]
  0x0000017d7e1863e0 JavaThread "Notification Thread" daemon [_thread_blocked, id=16336, stack(0x0000003723800000,0x0000003723900000)]
  0x0000017d7e188d70 JavaThread "Common-Cleaner" daemon [_thread_blocked, id=11976, stack(0x0000003723a00000,0x0000003723b00000)]
  0x0000017d7edb9030 JavaThread "pool-1-thread-1" [_thread_blocked, id=4032, stack(0x0000003724000000,0x0000003724100000)]

Other Threads:
  0x0000017d73f14f20 VMThread "VM Thread" [stack: 0x0000003722e00000,0x0000003722f00000] [id=15744]
  0x0000017d7e1876e0 WatcherThread [stack: 0x0000003723900000,0x0000003723a00000] [id=9068]
  0x0000017d73ea0780 GCTaskThread "GC Thread#0" [stack: 0x0000003722900000,0x0000003722a00000] [id=12692]
  0x0000017d7e331920 GCTaskThread "GC Thread#1" [stack: 0x0000003723b00000,0x0000003723c00000] [id=3548]
  0x0000017d7e331ee0 GCTaskThread "GC Thread#2" [stack: 0x0000003723c00000,0x0000003723d00000] [id=16016]
  0x0000017d7e2e2450 GCTaskThread "GC Thread#3" [stack: 0x0000003723d00000,0x0000003723e00000] [id=14720]
  0x0000017d73ea2ee0 ConcurrentGCThread "G1 Main Marker" [stack: 0x0000003722a00000,0x0000003722b00000] [id=17104]
  0x0000017d73ea40a0 ConcurrentGCThread "G1 Conc#0" [stack: 0x0000003722b00000,0x0000003722c00000] [id=4592]
  0x0000017d73ef4580 ConcurrentGCThread "G1 Refine#0" [stack: 0x0000003722c00000,0x0000003722d00000] [id=1992]
  0x0000017d7e55a950 ConcurrentGCThread "G1 Refine#1" [stack: 0x0000003723f00000,0x0000003724000000] [id=9376]
  0x0000017d73ef4fb0 ConcurrentGCThread "G1 Service" [stack: 0x0000003722d00000,0x0000003722e00000] [id=7848]

Threads with active compile tasks:
C2 CompilerThread0   510292 1939       4       org.gradle.internal.logging.console.BuildStatusRenderer::onOutput (350 bytes)
C1 CompilerThread0   510292 1944       3       sun.nio.cs.SingleByte$Encoder::encodeArrayLoop (280 bytes)

VM state: at safepoint (normal execution)

VM Mutex/Monitor currently owned by a thread:  ([mutex/lock_event])
[0x0000017d73e7d3c0] Threads_lock - owner thread: 0x0000017d73f14f20
[0x0000017d73e7cd90] Heap_lock - owner thread: 0x0000017d7edb9030

Heap address: 0x00000000fc000000, size: 64 MB, Compressed Oops mode: 32-bit

CDS archive(s) mapped at: [0x0000017d0f000000-0x0000017d0fbb0000-0x0000017d0fbb0000), size 12255232, SharedBaseAddress: 0x0000017d0f000000, ArchiveRelocationMode: 1.
Compressed class space mapped at: 0x0000017d10000000-0x0000017d50000000, reserved size: 1073741824
Narrow klass base: 0x0000017d0f000000, Narrow klass shift: 0, Narrow klass range: 0x100000000

GC Precious Log:
 CPUs: 4 total, 4 available
 Memory: 8127M
 Large Page Support: Disabled
 NUMA Support: Disabled
 Compressed Oops: Enabled (32-bit)
 Heap Region Size: 1M
 Heap Min Capacity: 64M
 Heap Initial Capacity: 64M
 Heap Max Capacity: 64M
 Pre-touch: Disabled
 Parallel Workers: 4
 Concurrent Workers: 1
 Concurrent Refinement Workers: 4
 Periodic GC: Disabled

Heap:
 garbage-first heap   total 65536K, used 45613K [0x00000000fc000000, 0x0000000100000000)
  region size 1024K, 36 young (36864K), 1 survivors (1024K)
 Metaspace       used 9558K, committed 9792K, reserved 1114112K
  class space    used 1259K, committed 1344K, reserved 1048576K

Heap Regions: E=young(eden), S=young(survivor), O=old, HS=humongous(starts), HC=humongous(continues), CS=collection set, F=free, OA=open archive, CA=closed archive, TAMS=top-at-mark-start (previous, next)
|   0|0x00000000fc000000, 0x00000000fc100000, 0x00000000fc100000|100%|HS|  |TAMS 0x00000000fc000000, 0x00000000fc000000| Complete 
|   1|0x00000000fc100000, 0x00000000fc200000, 0x00000000fc200000|100%|HC|  |TAMS 0x00000000fc100000, 0x00000000fc100000| Complete 
|   2|0x00000000fc200000, 0x00000000fc300000, 0x00000000fc300000|100%|HC|  |TAMS 0x00000000fc200000, 0x00000000fc200000| Complete 
|   3|0x00000000fc300000, 0x00000000fc400000, 0x00000000fc400000|100%| O|  |TAMS 0x00000000fc300000, 0x00000000fc300000| Untracked 
|   4|0x00000000fc400000, 0x00000000fc500000, 0x00000000fc500000|100%| O|  |TAMS 0x00000000fc400000, 0x00000000fc400000| Untracked 
|   5|0x00000000fc500000, 0x00000000fc600000, 0x00000000fc600000|100%| O|  |TAMS 0x00000000fc500000, 0x00000000fc500000| Untracked 
|   6|0x00000000fc600000, 0x00000000fc6f2490, 0x00000000fc700000| 94%| O|  |TAMS 0x00000000fc600000, 0x00000000fc600000| Untracked 
|   7|0x00000000fc700000, 0x00000000fc700000, 0x00000000fc800000|  0%| F|  |TAMS 0x00000000fc700000, 0x00000000fc700000| Untracked 
|   8|0x00000000fc800000, 0x00000000fc800000, 0x00000000fc900000|  0%| F|  |TAMS 0x00000000fc800000, 0x00000000fc800000| Untracked 
|   9|0x00000000fc900000, 0x00000000fc900000, 0x00000000fca00000|  0%| F|  |TAMS 0x00000000fc900000, 0x00000000fc900000| Untracked 
|  10|0x00000000fca00000, 0x00000000fca00000, 0x00000000fcb00000|  0%| F|  |TAMS 0x00000000fca00000, 0x00000000fca00000| Untracked 
|  11|0x00000000fcb00000, 0x00000000fcb00000, 0x00000000fcc00000|  0%| F|  |TAMS 0x00000000fcb00000, 0x00000000fcb00000| Untracked 
|  12|0x00000000fcc00000, 0x00000000fcc00000, 0x00000000fcd00000|  0%| F|  |TAMS 0x00000000fcc00000, 0x00000000fcc00000| Untracked 
|  13|0x00000000fcd00000, 0x00000000fcd00000, 0x00000000fce00000|  0%| F|  |TAMS 0x00000000fcd00000, 0x00000000fcd00000| Untracked 
|  14|0x00000000fce00000, 0x00000000fce00000, 0x00000000fcf00000|  0%| F|  |TAMS 0x00000000fce00000, 0x00000000fce00000| Untracked 
|  15|0x00000000fcf00000, 0x00000000fcf00000, 0x00000000fd000000|  0%| F|  |TAMS 0x00000000fcf00000, 0x00000000fcf00000| Untracked 
|  16|0x00000000fd000000, 0x00000000fd000000, 0x00000000fd100000|  0%| F|  |TAMS 0x00000000fd000000, 0x00000000fd000000| Untracked 
|  17|0x00000000fd100000, 0x00000000fd100000, 0x00000000fd200000|  0%| F|  |TAMS 0x00000000fd100000, 0x00000000fd100000| Untracked 
|  18|0x00000000fd200000, 0x00000000fd200000, 0x00000000fd300000|  0%| F|  |TAMS 0x00000000fd200000, 0x00000000fd200000| Untracked 
|  19|0x00000000fd300000, 0x00000000fd300000, 0x00000000fd400000|  0%| F|  |TAMS 0x00000000fd300000, 0x00000000fd300000| Untracked 
|  20|0x00000000fd400000, 0x00000000fd400000, 0x00000000fd500000|  0%| F|  |TAMS 0x00000000fd400000, 0x00000000fd400000| Untracked 
|  21|0x00000000fd500000, 0x00000000fd500000, 0x00000000fd600000|  0%| F|  |TAMS 0x00000000fd500000, 0x00000000fd500000| Untracked 
|  22|0x00000000fd600000, 0x00000000fd600000, 0x00000000fd700000|  0%| F|  |TAMS 0x00000000fd600000, 0x00000000fd600000| Untracked 
|  23|0x00000000fd700000, 0x00000000fd700000, 0x00000000fd800000|  0%| F|  |TAMS 0x00000000fd700000, 0x00000000fd700000| Untracked 
|  24|0x00000000fd800000, 0x00000000fd800000, 0x00000000fd900000|  0%| F|  |TAMS 0x00000000fd800000, 0x00000000fd800000| Untracked 
|  25|0x00000000fd900000, 0x00000000fd948f80, 0x00000000fda00000| 28%| S|  |TAMS 0x00000000fd900000, 0x00000000fd900000| Complete 
|  26|0x00000000fda00000, 0x00000000fdb00000, 0x00000000fdb00000|100%| E|CS|TAMS 0x00000000fda00000, 0x00000000fda00000| Complete 
|  27|0x00000000fdb00000, 0x00000000fdc00000, 0x00000000fdc00000|100%| E|CS|TAMS 0x00000000fdb00000, 0x00000000fdb00000| Complete 
|  28|0x00000000fdc00000, 0x00000000fdd00000, 0x00000000fdd00000|100%| E|CS|TAMS 0x00000000fdc00000, 0x00000000fdc00000| Complete 
|  29|0x00000000fdd00000, 0x00000000fde00000, 0x00000000fde00000|100%| E|CS|TAMS 0x00000000fdd00000, 0x00000000fdd00000| Complete 
|  30|0x00000000fde00000, 0x00000000fdf00000, 0x00000000fdf00000|100%| E|CS|TAMS 0x00000000fde00000, 0x00000000fde00000| Complete 
|  31|0x00000000fdf00000, 0x00000000fe000000, 0x00000000fe000000|100%| E|CS|TAMS 0x00000000fdf00000, 0x00000000fdf00000| Complete 
|  32|0x00000000fe000000, 0x00000000fe100000, 0x00000000fe100000|100%| E|CS|TAMS 0x00000000fe000000, 0x00000000fe000000| Complete 
|  33|0x00000000fe100000, 0x00000000fe200000, 0x00000000fe200000|100%| E|CS|TAMS 0x00000000fe100000, 0x00000000fe100000| Complete 
|  34|0x00000000fe200000, 0x00000000fe300000, 0x00000000fe300000|100%| E|CS|TAMS 0x00000000fe200000, 0x00000000fe200000| Complete 
|  35|0x00000000fe300000, 0x00000000fe400000, 0x00000000fe400000|100%| E|CS|TAMS 0x00000000fe300000, 0x00000000fe300000| Complete 
|  36|0x00000000fe400000, 0x00000000fe500000, 0x00000000fe500000|100%| E|CS|TAMS 0x00000000fe400000, 0x00000000fe400000| Complete 
|  37|0x00000000fe500000, 0x00000000fe600000, 0x00000000fe600000|100%| E|CS|TAMS 0x00000000fe500000, 0x00000000fe500000| Complete 
|  38|0x00000000fe600000, 0x00000000fe700000, 0x00000000fe700000|100%| E|CS|TAMS 0x00000000fe600000, 0x00000000fe600000| Complete 
|  39|0x00000000fe700000, 0x00000000fe800000, 0x00000000fe800000|100%| E|CS|TAMS 0x00000000fe700000, 0x00000000fe700000| Complete 
|  40|0x00000000fe800000, 0x00000000fe900000, 0x00000000fe900000|100%| E|CS|TAMS 0x00000000fe800000, 0x00000000fe800000| Complete 
|  41|0x00000000fe900000, 0x00000000fea00000, 0x00000000fea00000|100%| E|CS|TAMS 0x00000000fe900000, 0x00000000fe900000| Complete 
|  42|0x00000000fea00000, 0x00000000feb00000, 0x00000000feb00000|100%| E|CS|TAMS 0x00000000fea00000, 0x00000000fea00000| Complete 
|  43|0x00000000feb00000, 0x00000000fec00000, 0x00000000fec00000|100%| E|CS|TAMS 0x00000000feb00000, 0x00000000feb00000| Complete 
|  44|0x00000000fec00000, 0x00000000fed00000, 0x00000000fed00000|100%| E|CS|TAMS 0x00000000fec00000, 0x00000000fec00000| Complete 
|  45|0x00000000fed00000, 0x00000000fee00000, 0x00000000fee00000|100%| E|CS|TAMS 0x00000000fed00000, 0x00000000fed00000| Complete 
|  46|0x00000000fee00000, 0x00000000fef00000, 0x00000000fef00000|100%| E|CS|TAMS 0x00000000fee00000, 0x00000000fee00000| Complete 
|  47|0x00000000fef00000, 0x00000000ff000000, 0x00000000ff000000|100%| E|CS|TAMS 0x00000000fef00000, 0x00000000fef00000| Complete 
|  48|0x00000000ff000000, 0x00000000ff100000, 0x00000000ff100000|100%| E|CS|TAMS 0x00000000ff000000, 0x00000000ff000000| Complete 
|  49|0x00000000ff100000, 0x00000000ff200000, 0x00000000ff200000|100%| E|CS|TAMS 0x00000000ff100000, 0x00000000ff100000| Complete 
|  50|0x00000000ff200000, 0x00000000ff300000, 0x00000000ff300000|100%| E|CS|TAMS 0x00000000ff200000, 0x00000000ff200000| Complete 
|  51|0x00000000ff300000, 0x00000000ff400000, 0x00000000ff400000|100%| E|CS|TAMS 0x00000000ff300000, 0x00000000ff300000| Complete 
|  52|0x00000000ff400000, 0x00000000ff500000, 0x00000000ff500000|100%| E|CS|TAMS 0x00000000ff400000, 0x00000000ff400000| Complete 
|  53|0x00000000ff500000, 0x00000000ff600000, 0x00000000ff600000|100%| E|CS|TAMS 0x00000000ff500000, 0x00000000ff500000| Complete 
|  54|0x00000000ff600000, 0x00000000ff700000, 0x00000000ff700000|100%| E|CS|TAMS 0x00000000ff600000, 0x00000000ff600000| Complete 
|  55|0x00000000ff700000, 0x00000000ff800000, 0x00000000ff800000|100%| E|CS|TAMS 0x00000000ff700000, 0x00000000ff700000| Complete 
|  56|0x00000000ff800000, 0x00000000ff900000, 0x00000000ff900000|100%| E|CS|TAMS 0x00000000ff800000, 0x00000000ff800000| Complete 
|  57|0x00000000ff900000, 0x00000000ffa00000, 0x00000000ffa00000|100%| E|CS|TAMS 0x00000000ff900000, 0x00000000ff900000| Complete 
|  58|0x00000000ffa00000, 0x00000000ffb00000, 0x00000000ffb00000|100%| E|CS|TAMS 0x00000000ffa00000, 0x00000000ffa00000| Complete 
|  59|0x00000000ffb00000, 0x00000000ffc00000, 0x00000000ffc00000|100%| E|CS|TAMS 0x00000000ffb00000, 0x00000000ffb00000| Complete 
|  60|0x00000000ffc00000, 0x00000000ffd00000, 0x00000000ffd00000|100%| E|CS|TAMS 0x00000000ffc00000, 0x00000000ffc00000| Complete 
|  61|0x00000000ffd00000, 0x00000000ffe00000, 0x00000000ffe00000|100%| E|CS|TAMS 0x00000000ffd00000, 0x00000000ffd00000| Complete 
|  62|0x00000000ffe00000, 0x00000000fff00000, 0x00000000fff00000|100%| E|CS|TAMS 0x00000000ffe00000, 0x00000000ffe00000| Complete 
|  63|0x00000000fff00000, 0x0000000100000000, 0x0000000100000000|100%| E|CS|TAMS 0x00000000fff00000, 0x00000000fff00000| Complete 

Card table byte_map: [0x0000017d71c50000,0x0000017d71c70000] _byte_map_base: 0x0000017d71470000

Marking Bits (Prev, Next): (CMBitMap*) 0x0000017d73ea0da0, (CMBitMap*) 0x0000017d73ea0de0
 Prev Bits: [0x0000017d73c80000, 0x0000017d73d80000)
 Next Bits: [0x0000017d7b9c0000, 0x0000017d7bac0000)

Polling page: 0x0000017d71c00000

Metaspace:

Usage:
  Non-class:      8.10 MB used.
      Class:      1.23 MB used.
       Both:      9.33 MB used.

Virtual space:
  Non-class space:       64.00 MB reserved,       8.25 MB ( 13%) committed,  1 nodes.
      Class space:        1.00 GB reserved,       1.31 MB ( <1%) committed,  1 nodes.
             Both:        1.06 GB reserved,       9.56 MB ( <1%) committed. 

Chunk freelists:
   Non-Class:  7.67 MB
       Class:  14.64 MB
        Both:  22.31 MB

MaxMetaspaceSize: unlimited
CompressedClassSpaceSize: 1.00 GB
Initial GC threshold: 21.00 MB
Current GC threshold: 21.00 MB
CDS: on
MetaspaceReclaimPolicy: balanced
 - commit_granule_bytes: 65536.
 - commit_granule_words: 8192.
 - virtual_space_node_default_size: 8388608.
 - enlarge_chunks_in_place: 1.
 - new_chunks_are_fully_committed: 0.
 - uncommit_free_chunks: 1.
 - use_allocation_guard: 0.
 - handle_deallocations: 1.


Internal statistics:

num_allocs_failed_limit: 0.
num_arena_births: 80.
num_arena_deaths: 0.
num_vsnodes_births: 2.
num_vsnodes_deaths: 0.
num_space_committed: 153.
num_space_uncommitted: 0.
num_chunks_returned_to_freelist: 0.
num_chunks_taken_from_freelist: 346.
num_chunk_merges: 0.
num_chunk_splits: 229.
num_chunks_enlarged: 185.
num_inconsistent_stats: 0.

CodeHeap 'non-profiled nmethods': size=120000Kb used=890Kb max_used=890Kb free=119109Kb
 bounds [0x0000017d07ad0000, 0x0000017d07d40000, 0x0000017d0f000000]
CodeHeap 'profiled nmethods': size=120000Kb used=3565Kb max_used=3565Kb free=116435Kb
 bounds [0x0000017d00000000, 0x0000017d00380000, 0x0000017d07530000]
CodeHeap 'non-nmethods': size=5760Kb used=1172Kb max_used=1202Kb free=4587Kb
 bounds [0x0000017d07530000, 0x0000017d077a0000, 0x0000017d07ad0000]
 total_blobs=2403 nmethods=1935 adapters=381
 compilation: enabled
              stopped_count=0, restarted_count=0
 full_count=0

Compilation events (20 events):
Event: 426.874 Thread 0x0000017d73f3c3d0 nmethod 1928 0x0000017d07baae90 code [0x0000017d07bab020, 0x0000017d07bab198]
Event: 426.874 Thread 0x0000017d73f3c3d0 1929       4       java.lang.ThreadLocal$ThreadLocalMap::getEntry (42 bytes)
Event: 426.875 Thread 0x0000017d73f3c3d0 nmethod 1929 0x0000017d07bab390 code [0x0000017d07bab520, 0x0000017d07bab648]
Event: 427.407 Thread 0x0000017d73f3d280 1930       3       com.google.common.collect.Lists::reverse (59 bytes)
Event: 427.480 Thread 0x0000017d73f3d280 nmethod 1930 0x0000017d00378990 code [0x0000017d00378c60, 0x0000017d0037a088]
Event: 439.708 Thread 0x0000017d73f3d280 1931       3       com.google.common.collect.Lists$ReverseList::listIterator (27 bytes)
Event: 439.743 Thread 0x0000017d73f3d280 nmethod 1931 0x0000017d0037a510 code [0x0000017d0037a700, 0x0000017d0037ad88]
Event: 440.446 Thread 0x0000017d73f3c3d0 1933       4       java.util.ArrayList::<init> (61 bytes)
Event: 441.589 Thread 0x0000017d73f3c3d0 nmethod 1933 0x0000017d07babb90 code [0x0000017d07babd20, 0x0000017d07bac078]
Event: 456.550 Thread 0x0000017d73f3c3d0 1934       4       java.util.concurrent.TimeUnit::toMillis (69 bytes)
Event: 456.553 Thread 0x0000017d73f3c3d0 nmethod 1934 0x0000017d07bac190 code [0x0000017d07bac300, 0x0000017d07bac3f8]
Event: 479.008 Thread 0x0000017d73f3c3d0 1935       4       java.util.ArrayList::fastRemove (44 bytes)
Event: 479.015 Thread 0x0000017d73f3c3d0 nmethod 1935 0x0000017d07bac490 code [0x0000017d07bac600, 0x0000017d07bac7d8]
Event: 479.107 Thread 0x0000017d73f3c3d0 1936       4       java.util.ArrayList::remove (26 bytes)
Event: 479.409 Thread 0x0000017d73f3c3d0 nmethod 1936 0x0000017d07bac910 code [0x0000017d07bacaa0, 0x0000017d07baccd8]
Event: 480.178 Thread 0x0000017d73f3c3d0 1937       4       org.gradle.internal.logging.console.AbstractUserInputRenderer::onOutput (111 bytes)
Event: 481.300 Thread 0x0000017d73f3c3d0 nmethod 1937 0x0000017d07bace90 code [0x0000017d07bad040, 0x0000017d07bad208]
Event: 481.300 Thread 0x0000017d73f3c3d0 1938   !   4       org.gradle.internal.logging.console.ThrottlingOutputEventListener::onOutput (85 bytes)
Event: 482.970 Thread 0x0000017d73f3c3d0 nmethod 1938 0x0000017d07bad410 code [0x0000017d07bad620, 0x0000017d07bae198]
Event: 482.971 Thread 0x0000017d73f3c3d0 1939       4       org.gradle.internal.logging.console.BuildStatusRenderer::onOutput (350 bytes)

GC Heap History (4 events):
Event: 0.521 GC heap before
{Heap before GC invocations=0 (full 0):
 garbage-first heap   total 65536K, used 12288K [0x00000000fc000000, 0x0000000100000000)
  region size 1024K, 13 young (13312K), 0 survivors (0K)
 Metaspace       used 1655K, committed 1792K, reserved 1114112K
  class space    used 158K, committed 192K, reserved 1048576K
}
Event: 0.525 GC heap after
{Heap after GC invocations=1 (full 0):
 garbage-first heap   total 65536K, used 1496K [0x00000000fc000000, 0x0000000100000000)
  region size 1024K, 2 young (2048K), 2 survivors (2048K)
 Metaspace       used 1655K, committed 1792K, reserved 1114112K
  class space    used 158K, committed 192K, reserved 1048576K
}
Event: 1.117 GC heap before
{Heap before GC invocations=1 (full 0):
 garbage-first heap   total 65536K, used 21976K [0x00000000fc000000, 0x0000000100000000)
  region size 1024K, 20 young (20480K), 2 survivors (2048K)
 Metaspace       used 2337K, committed 2496K, reserved 1114112K
  class space    used 231K, committed 320K, reserved 1048576K
}
Event: 1.123 GC heap after
{Heap after GC invocations=2 (full 0):
 garbage-first heap   total 65536K, used 9773K [0x00000000fc000000, 0x0000000100000000)
  region size 1024K, 3 young (3072K), 3 survivors (3072K)
 Metaspace       used 2337K, committed 2496K, reserved 1114112K
  class space    used 231K, committed 320K, reserved 1048576K
}

Dll operation events (13 events):
Event: 0.008 Loaded shared library C:\Program Files\Microsoft\jdk-17.0.14.7-hotspot\bin\java.dll
Event: 0.028 Loaded shared library C:\Program Files\Microsoft\jdk-17.0.14.7-hotspot\bin\jsvml.dll
Event: 0.078 Loaded shared library C:\Program Files\Microsoft\jdk-17.0.14.7-hotspot\bin\net.dll
Event: 0.080 Loaded shared library C:\Program Files\Microsoft\jdk-17.0.14.7-hotspot\bin\nio.dll
Event: 0.084 Loaded shared library C:\Program Files\Microsoft\jdk-17.0.14.7-hotspot\bin\zip.dll
Event: 0.088 Loaded shared library C:\Program Files\Microsoft\jdk-17.0.14.7-hotspot\bin\verify.dll
Event: 0.713 Loaded shared library C:\Program Files\Microsoft\jdk-17.0.14.7-hotspot\bin\jimage.dll
Event: 1.397 Loaded shared library C:\Program Files\Microsoft\jdk-17.0.14.7-hotspot\bin\management.dll
Event: 1.400 Loaded shared library C:\Program Files\Microsoft\jdk-17.0.14.7-hotspot\bin\management_ext.dll
Event: 1.482 Loaded shared library C:\Users\Stephanie\.gradle\native\1def1411415f61bf3af743bc5b6707747c0891f09f0c88961ee8f79bc544acac\windows-amd64\native-platform.dll
Event: 1.574 Loaded shared library C:\Users\Stephanie\.gradle\native\jansi\1.18\windows64\jansi.dll
Event: 1.885 Loaded shared library C:\Program Files\Microsoft\jdk-17.0.14.7-hotspot\bin\extnet.dll
Event: 2.176 Loaded shared library C:\Program Files\Microsoft\jdk-17.0.14.7-hotspot\bin\sunmscapi.dll

Deoptimization events (20 events):
Event: 2.186 Thread 0x0000017d73e82100 Uncommon trap: trap_request=0xffffffc6 fr.pc=0x0000017d07b1bb4c relative=0x0000000000000bac
Event: 2.186 Thread 0x0000017d73e82100 Uncommon trap: reason=bimorphic_or_optimized_type_check action=maybe_recompile pc=0x0000017d07b1bb4c method=java.util.HashMap.putVal(ILjava/lang/Object;Ljava/lang/Object;ZZ)Ljava/lang/Object; @ 203 c2
Event: 2.186 Thread 0x0000017d73e82100 DEOPT PACKING pc=0x0000017d07b1bb4c sp=0x00000037228fa2d0
Event: 2.186 Thread 0x0000017d73e82100 DEOPT UNPACKING pc=0x0000017d075869a3 sp=0x00000037228fa208 mode 2
Event: 2.188 Thread 0x0000017d73e82100 Uncommon trap: trap_request=0xffffffc6 fr.pc=0x0000017d07b1bb4c relative=0x0000000000000bac
Event: 2.188 Thread 0x0000017d73e82100 Uncommon trap: reason=bimorphic_or_optimized_type_check action=maybe_recompile pc=0x0000017d07b1bb4c method=java.util.HashMap.putVal(ILjava/lang/Object;Ljava/lang/Object;ZZ)Ljava/lang/Object; @ 203 c2
Event: 2.188 Thread 0x0000017d73e82100 DEOPT PACKING pc=0x0000017d07b1bb4c sp=0x00000037228fa2d0
Event: 2.188 Thread 0x0000017d73e82100 DEOPT UNPACKING pc=0x0000017d075869a3 sp=0x00000037228fa208 mode 2
Event: 2.215 Thread 0x0000017d73e82100 Uncommon trap: trap_request=0xffffffde fr.pc=0x0000017d07b07274 relative=0x0000000000000074
Event: 2.215 Thread 0x0000017d73e82100 Uncommon trap: reason=class_check action=maybe_recompile pc=0x0000017d07b07274 method=java.util.AbstractList$Itr.hasNext()Z @ 8 c2
Event: 2.215 Thread 0x0000017d73e82100 DEOPT PACKING pc=0x0000017d07b07274 sp=0x00000037228fc0f0
Event: 2.215 Thread 0x0000017d73e82100 DEOPT UNPACKING pc=0x0000017d075869a3 sp=0x00000037228fc088 mode 2
Event: 2.229 Thread 0x0000017d73e82100 Uncommon trap: trap_request=0xffffff45 fr.pc=0x0000017d07b6d664 relative=0x0000000000000484
Event: 2.230 Thread 0x0000017d73e82100 Uncommon trap: reason=unstable_if action=reinterpret pc=0x0000017d07b6d664 method=java.lang.invoke.VarForm.getMemberName(I)Ljava/lang/invoke/MemberName; @ 8 c2
Event: 2.230 Thread 0x0000017d73e82100 DEOPT PACKING pc=0x0000017d07b6d664 sp=0x00000037228fcf50
Event: 2.230 Thread 0x0000017d73e82100 DEOPT UNPACKING pc=0x0000017d075869a3 sp=0x00000037228fceb0 mode 2
Event: 2.267 Thread 0x0000017d73e82100 Uncommon trap: trap_request=0xffffffde fr.pc=0x0000017d07b07274 relative=0x0000000000000074
Event: 2.267 Thread 0x0000017d73e82100 Uncommon trap: reason=class_check action=maybe_recompile pc=0x0000017d07b07274 method=java.util.AbstractList$Itr.hasNext()Z @ 8 c2
Event: 2.267 Thread 0x0000017d73e82100 DEOPT PACKING pc=0x0000017d07b07274 sp=0x00000037228fd070
Event: 2.267 Thread 0x0000017d73e82100 DEOPT UNPACKING pc=0x0000017d075869a3 sp=0x00000037228fd008 mode 2

Classes loaded (20 events):
Event: 33.902 Loading class jdk/internal/logger/LazyLoggers$LazyLoggerFactories
Event: 33.902 Loading class jdk/internal/logger/LazyLoggers$LazyLoggerFactories done
Event: 33.902 Loading class jdk/internal/logger/LoggerFinderLoader
Event: 33.903 Loading class jdk/internal/logger/LoggerFinderLoader done
Event: 33.903 Loading class jdk/internal/logger/LoggerFinderLoader$TemporaryLoggerFinder
Event: 33.903 Loading class jdk/internal/logger/LoggerFinderLoader$TemporaryLoggerFinder done
Event: 33.903 Loading class sun/util/logging/internal/LoggingProviderImpl$JULWrapper
Event: 33.904 Loading class sun/util/logging/PlatformLogger$ConfigurableBridge$LoggerConfiguration
Event: 33.904 Loading class sun/util/logging/PlatformLogger$ConfigurableBridge$LoggerConfiguration done
Event: 33.904 Loading class sun/util/logging/internal/LoggingProviderImpl$JULWrapper done
Event: 33.904 Loading class java/io/ObjectInputFilter
Event: 33.904 Loading class java/io/ObjectInputFilter done
Event: 33.905 Loading class java/io/ObjectInputFilter$Config$BuiltinFilterFactory
Event: 33.905 Loading class java/io/ObjectInputFilter$Config$BuiltinFilterFactory done
Event: 33.905 Loading class jdk/internal/access/JavaObjectInputFilterAccess
Event: 33.905 Loading class jdk/internal/access/JavaObjectInputFilterAccess done
Event: 33.905 Loading class java/lang/System$Logger$Level
Event: 33.906 Loading class java/lang/System$Logger$Level done
Event: 33.906 Loading class java/io/Bits
Event: 33.906 Loading class java/io/Bits done

Classes unloaded (0 events):
No events

Classes redefined (0 events):
No events

Internal exceptions (20 events):
Event: 1.395 Thread 0x0000017d73e82100 Exception <a 'java/lang/NoSuchMethodError'{0x00000000ffa3fd48}: 'java.lang.Object java.lang.invoke.DirectMethodHandle$Holder.invokeStaticInit(java.lang.Object)'> (0x00000000ffa3fd48) 
thrown [s\src\hotspot\share\interpreter\linkResolver.cpp, line 759]
Event: 1.411 Thread 0x0000017d73e82100 Exception <a 'java/lang/NoSuchMethodError'{0x00000000ffa5aa38}: 'int java.lang.invoke.DirectMethodHandle$Holder.invokeSpecial(java.lang.Object, java.lang.Object, java.lang.Object)'> (0x00000000ffa5aa38) 
thrown [s\src\hotspot\share\interpreter\linkResolver.cpp, line 759]
Event: 1.420 Thread 0x0000017d73e82100 Exception <a 'java/lang/NoSuchMethodError'{0x00000000ffa973f8}: 'void java.lang.invoke.DirectMethodHandle$Holder.invokeStatic(java.lang.Object, java.lang.Object)'> (0x00000000ffa973f8) 
thrown [s\src\hotspot\share\interpreter\linkResolver.cpp, line 759]
Event: 1.422 Thread 0x0000017d73e82100 Implicit null exception at 0x0000017d07b3a20f to 0x0000017d07b3a750
Event: 1.422 Thread 0x0000017d73e82100 Implicit null exception at 0x0000017d07b1c90f to 0x0000017d07b1ce4c
Event: 1.422 Thread 0x0000017d73e82100 Implicit null exception at 0x0000017d07b02a8f to 0x0000017d07b02b09
Event: 1.447 Thread 0x0000017d73e82100 Exception <a 'java/lang/NoClassDefFoundError'{0x00000000ff918608}: org/slf4j/impl/StaticMarkerBinder> (0x00000000ff918608) 
thrown [s\src\hotspot\share\classfile\systemDictionary.cpp, line 245]
Event: 1.503 Thread 0x0000017d73e82100 Exception <a 'java/lang/NoSuchMethodError'{0x00000000ff843698}: 'java.lang.Object java.lang.invoke.Invokers$Holder.invoker(java.lang.Object, java.lang.Object, java.lang.Object)'> (0x00000000ff843698) 
thrown [s\src\hotspot\share\interpreter\linkResolver.cpp, line 759]
Event: 1.504 Thread 0x0000017d73e82100 Exception <a 'java/lang/NoSuchMethodError'{0x00000000ff84c7f0}: 'java.lang.Object java.lang.invoke.DirectMethodHandle$Holder.invokeStatic(java.lang.Object, java.lang.Object, int)'> (0x00000000ff84c7f0) 
thrown [s\src\hotspot\share\interpreter\linkResolver.cpp, line 759]
Event: 1.511 Thread 0x0000017d73e82100 Exception <a 'java/lang/NoSuchMethodError'{0x00000000ff8584e0}: 'void java.lang.invoke.DelegatingMethodHandle$Holder.delegate(java.lang.Object, java.lang.Object, int, java.lang.Object)'> (0x00000000ff8584e0) 
thrown [s\src\hotspot\share\interpreter\linkResolver.cpp, line 759]
Event: 1.516 Thread 0x0000017d73e82100 Exception <a 'java/lang/NoSuchMethodError'{0x00000000ff86bb28}: 'java.lang.Object java.lang.invoke.Invokers$Holder.invokeExact_MT(java.lang.Object, java.lang.Object, java.lang.Object, java.lang.Object)'> (0x00000000ff86bb28) 
thrown [s\src\hotspot\share\interpreter\linkResolver.cpp, line 759]
Event: 1.520 Thread 0x0000017d73e82100 Exception <a 'java/lang/NoSuchMethodError'{0x00000000ff88f628}: 'java.lang.Object java.lang.invoke.DirectMethodHandle$Holder.invokeVirtual(java.lang.Object, java.lang.Object, java.lang.Object)'> (0x00000000ff88f628) 
thrown [s\src\hotspot\share\interpreter\linkResolver.cpp, line 759]
Event: 1.689 Thread 0x0000017d73e82100 Exception <a 'java/lang/NoSuchMethodError'{0x00000000ff4d35e0}: 'java.lang.Object java.lang.invoke.DirectMethodHandle$Holder.newInvokeSpecial(java.lang.Object, java.lang.Object, java.lang.Object, java.lang.Object, java.lang.Object)'> (0x00000000ff4d35e0) 
thrown [s\src\hotspot\share\interpreter\linkResolver.cpp, line 759]
Event: 1.723 Thread 0x0000017d73e82100 Exception <a 'java/lang/NoSuchMethodError'{0x00000000ff3f7e08}: 'void java.lang.invoke.DirectMethodHandle$Holder.invokeSpecial(java.lang.Object, java.lang.Object, java.lang.Object)'> (0x00000000ff3f7e08) 
thrown [s\src\hotspot\share\interpreter\linkResolver.cpp, line 759]
Event: 1.888 Thread 0x0000017d73e82100 Exception <a 'java/lang/NoSuchMethodError'{0x00000000ff077938}: 'void java.lang.invoke.DirectMethodHandle$Holder.invokeStatic(java.lang.Object, java.lang.Object, java.lang.Object)'> (0x00000000ff077938) 
thrown [s\src\hotspot\share\interpreter\linkResolver.cpp, line 759]
Event: 1.972 Thread 0x0000017d73e82100 Exception <a 'java/lang/NoSuchMethodError'{0x00000000fed0a7c0}: 'java.lang.Object java.lang.invoke.DirectMethodHandle$Holder.newInvokeSpecial(java.lang.Object, java.lang.Object, java.lang.Object, java.lang.Object, java.lang.Object, java.lang.Object, java.lang.Object, java.lang.Object, java.lang.Object, java.lang.Object, java.lang.Object, java.lang.Object, java.lang.Object, java.lang.Object, java.lang.Object, java.lang.Object, java.lang.Object, java.lang.Object, java.lang.Object, java.lang.Object, java.lang
Event: 1.973 Thread 0x0000017d73e82100 Exception <a 'java/lang/NoSuchMethodError'{0x00000000fed16dc8}: 'java.lang.Object java.lang.invoke.Invokers$Holder.linkToTargetMethod(java.lang.Object, java.lang.Object, java.lang.Object, java.lang.Object, java.lang.Object, java.lang.Object, java.lang.Object, java.lang.Object, java.lang.Object, java.lang.Object, java.lang.Object, java.lang.Object, java.lang.Object, java.lang.Object, java.lang.Object, java.lang.Object, java.lang.Object, java.lang.Object, java.lang.Object, java.lang.Object, java.lang.Object,
Event: 2.041 Thread 0x0000017d73e82100 Exception <a 'java/lang/NoSuchMethodError'{0x00000000fe8743a8}: 'java.lang.Object java.lang.invoke.DirectMethodHandle$Holder.invokeStaticInit(java.lang.Object, int, int, int, int)'> (0x00000000fe8743a8) 
thrown [s\src\hotspot\share\interpreter\linkResolver.cpp, line 759]
Event: 2.112 Thread 0x0000017d73e82100 Exception <a 'java/lang/NoSuchMethodError'{0x00000000fe758358}: 'java.lang.Object java.lang.invoke.DirectMethodHandle$Holder.invokeStaticInit(java.lang.Object, java.lang.Object, int, int, int, int)'> (0x00000000fe758358) 
thrown [s\src\hotspot\share\interpreter\linkResolver.cpp, line 759]
Event: 2.150 Thread 0x0000017d73e82100 Implicit null exception at 0x0000017d07b187f2 to 0x0000017d07b18dc8

VM Operations (20 events):
Event: 251.123 Executing VM operation: Cleanup
Event: 251.123 Executing VM operation: Cleanup done
Event: 254.124 Executing VM operation: Cleanup
Event: 254.124 Executing VM operation: Cleanup done
Event: 281.135 Executing VM operation: Cleanup
Event: 281.135 Executing VM operation: Cleanup done
Event: 294.140 Executing VM operation: Cleanup
Event: 294.140 Executing VM operation: Cleanup done
Event: 301.143 Executing VM operation: Cleanup
Event: 301.143 Executing VM operation: Cleanup done
Event: 302.143 Executing VM operation: Cleanup
Event: 302.143 Executing VM operation: Cleanup done
Event: 304.144 Executing VM operation: Cleanup
Event: 304.144 Executing VM operation: Cleanup done
Event: 324.154 Executing VM operation: Cleanup
Event: 324.154 Executing VM operation: Cleanup done
Event: 480.227 Executing VM operation: Cleanup
Event: 480.417 Executing VM operation: Cleanup done
Event: 481.417 Executing VM operation: Cleanup
Event: 481.808 Executing VM operation: Cleanup done

Memory protections (0 events):
No events

Nmethod flushes (0 events):
No events

Events (15 events):
Event: 0.029 Thread 0x0000017d73e82100 Thread added: 0x0000017d73e82100
Event: 0.032 Thread 0x0000017d73e82100 Thread added: 0x0000017d73f185b0
Event: 0.032 Thread 0x0000017d73e82100 Thread added: 0x0000017d73f19430
Event: 0.045 Thread 0x0000017d73e82100 Thread added: 0x0000017d73f301a0
Event: 0.045 Thread 0x0000017d73e82100 Thread added: 0x0000017d73f32e30
Event: 0.045 Thread 0x0000017d73e82100 Thread added: 0x0000017d73f34800
Event: 0.045 Thread 0x0000017d73e82100 Thread added: 0x0000017d73f361d0
Event: 0.045 Thread 0x0000017d73e82100 Thread added: 0x0000017d73f3c3d0
Event: 0.045 Thread 0x0000017d73e82100 Thread added: 0x0000017d73f3d280
Event: 0.046 Thread 0x0000017d73e82100 Thread added: 0x0000017d73f3e460
Event: 0.071 Thread 0x0000017d73e82100 Thread added: 0x0000017d7e1863e0
Event: 0.074 Thread 0x0000017d73e82100 Thread added: 0x0000017d7e188d70
Event: 0.695 Thread 0x0000017d73f3c3d0 Thread added: 0x0000017d7e334190
Event: 1.606 Thread 0x0000017d73e82100 Thread added: 0x0000017d7edb9030
Event: 1.897 Thread 0x0000017d7e334190 Thread exited: 0x0000017d7e334190


Dynamic libraries:
0x00007ff6b9150000 - 0x00007ff6b915e000 	C:\Program Files\Microsoft\jdk-17.0.14.7-hotspot\bin\java.exe
0x00007fffc2550000 - 0x00007fffc2748000 	C:\WINDOWS\SYSTEM32\ntdll.dll
0x00007fffc0b90000 - 0x00007fffc0c52000 	C:\WINDOWS\System32\KERNEL32.DLL
0x00007fffbfce0000 - 0x00007fffbffd6000 	C:\WINDOWS\System32\KERNELBASE.dll
0x00007fffc0320000 - 0x00007fffc0420000 	C:\WINDOWS\System32\ucrtbase.dll
0x00007fffb5790000 - 0x00007fffb57a7000 	C:\Program Files\Microsoft\jdk-17.0.14.7-hotspot\bin\jli.dll
0x00007fffaa690000 - 0x00007fffaa6ad000 	C:\Program Files\Microsoft\jdk-17.0.14.7-hotspot\bin\VCRUNTIME140.dll
0x00007fffc09f0000 - 0x00007fffc0b8d000 	C:\WINDOWS\System32\USER32.dll
0x00007fffc02f0000 - 0x00007fffc0312000 	C:\WINDOWS\System32\win32u.dll
0x00007fffa7af0000 - 0x00007fffa7d8a000 	C:\WINDOWS\WinSxS\amd64_microsoft.windows.common-controls_6595b64144ccf1df_6.0.19041.4355_none_60b8b9eb71f62e16\COMCTL32.dll
0x00007fffc11a0000 - 0x00007fffc11cb000 	C:\WINDOWS\System32\GDI32.dll
0x00007fffc17d0000 - 0x00007fffc186e000 	C:\WINDOWS\System32\msvcrt.dll
0x00007fffc0420000 - 0x00007fffc053a000 	C:\WINDOWS\System32\gdi32full.dll
0x00007fffc0140000 - 0x00007fffc01dd000 	C:\WINDOWS\System32\msvcp_win.dll
0x00007fffc1440000 - 0x00007fffc146f000 	C:\WINDOWS\System32\IMM32.DLL
0x00007fffbadb0000 - 0x00007fffbadbc000 	C:\Program Files\Microsoft\jdk-17.0.14.7-hotspot\bin\vcruntime140_1.dll
0x00007fff84a00000 - 0x00007fff84a8d000 	C:\Program Files\Microsoft\jdk-17.0.14.7-hotspot\bin\msvcp140.dll
0x00007fff64650000 - 0x00007fff652c2000 	C:\Program Files\Microsoft\jdk-17.0.14.7-hotspot\bin\server\jvm.dll
0x00007fffc19a0000 - 0x00007fffc1a4f000 	C:\WINDOWS\System32\ADVAPI32.dll
0x00007fffc2470000 - 0x00007fffc250f000 	C:\WINDOWS\System32\sechost.dll
0x00007fffc21e0000 - 0x00007fffc2303000 	C:\WINDOWS\System32\RPCRT4.dll
0x00007fffc0540000 - 0x00007fffc0567000 	C:\WINDOWS\System32\bcrypt.dll
0x00007fffc2370000 - 0x00007fffc23db000 	C:\WINDOWS\System32\WS2_32.dll
0x00007fffbf120000 - 0x00007fffbf16b000 	C:\WINDOWS\SYSTEM32\POWRPROF.dll
0x00007fffb01a0000 - 0x00007fffb01c7000 	C:\WINDOWS\SYSTEM32\WINMM.dll
0x00007fffba230000 - 0x00007fffba23a000 	C:\WINDOWS\SYSTEM32\VERSION.dll
0x00007fffbefe0000 - 0x00007fffbeff2000 	C:\WINDOWS\SYSTEM32\UMPDC.dll
0x00007fffbda80000 - 0x00007fffbda92000 	C:\WINDOWS\SYSTEM32\kernel.appcore.dll
0x00007fffb5780000 - 0x00007fffb578a000 	C:\Program Files\Microsoft\jdk-17.0.14.7-hotspot\bin\jimage.dll
0x00007fffadf30000 - 0x00007fffae114000 	C:\WINDOWS\SYSTEM32\DBGHELP.DLL
0x00007fff9a910000 - 0x00007fff9a944000 	C:\WINDOWS\SYSTEM32\dbgcore.DLL
0x00007fffc0260000 - 0x00007fffc02e2000 	C:\WINDOWS\System32\bcryptPrimitives.dll
0x00007fff9a780000 - 0x00007fff9a7a5000 	C:\Program Files\Microsoft\jdk-17.0.14.7-hotspot\bin\java.dll
0x00007fff7eab0000 - 0x00007fff7eb87000 	C:\Program Files\Microsoft\jdk-17.0.14.7-hotspot\bin\jsvml.dll
0x00007fffc1a50000 - 0x00007fffc21bf000 	C:\WINDOWS\System32\SHELL32.dll
0x00007fffbdc80000 - 0x00007fffbe423000 	C:\WINDOWS\SYSTEM32\windows.storage.dll
0x00007fffc1470000 - 0x00007fffc17c5000 	C:\WINDOWS\System32\combase.dll
0x00007fffbf610000 - 0x00007fffbf63b000 	C:\WINDOWS\SYSTEM32\Wldp.dll
0x00007fffc10d0000 - 0x00007fffc119d000 	C:\WINDOWS\System32\OLEAUT32.dll
0x00007fffc12c0000 - 0x00007fffc136d000 	C:\WINDOWS\System32\SHCORE.dll
0x00007fffc1070000 - 0x00007fffc10c5000 	C:\WINDOWS\System32\shlwapi.dll
0x00007fffbfb10000 - 0x00007fffbfb35000 	C:\WINDOWS\SYSTEM32\profapi.dll
0x00007fffaa4f0000 - 0x00007fffaa50a000 	C:\Program Files\Microsoft\jdk-17.0.14.7-hotspot\bin\net.dll
0x00007fffb49b0000 - 0x00007fffb4aba000 	C:\WINDOWS\SYSTEM32\WINHTTP.dll
0x00007fffbf370000 - 0x00007fffbf3dc000 	C:\WINDOWS\system32\mswsock.dll
0x00007fff9aac0000 - 0x00007fff9aad6000 	C:\Program Files\Microsoft\jdk-17.0.14.7-hotspot\bin\nio.dll
0x00007fff95e70000 - 0x00007fff95e88000 	C:\Program Files\Microsoft\jdk-17.0.14.7-hotspot\bin\zip.dll
0x00007fffb0490000 - 0x00007fffb04a0000 	C:\Program Files\Microsoft\jdk-17.0.14.7-hotspot\bin\verify.dll
0x00007fffac150000 - 0x00007fffac15a000 	C:\Program Files\Microsoft\jdk-17.0.14.7-hotspot\bin\management.dll
0x00007fffabc10000 - 0x00007fffabc1b000 	C:\Program Files\Microsoft\jdk-17.0.14.7-hotspot\bin\management_ext.dll
0x00007fffc0fb0000 - 0x00007fffc0fb8000 	C:\WINDOWS\System32\PSAPI.DLL
0x00007fff94960000 - 0x00007fff94987000 	C:\Users\Stephanie\.gradle\native\1def1411415f61bf3af743bc5b6707747c0891f09f0c88961ee8f79bc544acac\windows-amd64\native-platform.dll
0x00007fffbcba0000 - 0x00007fffbcbaa000 	C:\Users\Stephanie\.gradle\native\jansi\1.18\windows64\jansi.dll
0x00007fffbf000000 - 0x00007fffbf03b000 	C:\WINDOWS\SYSTEM32\IPHLPAPI.DLL
0x00007fffc12b0000 - 0x00007fffc12b8000 	C:\WINDOWS\System32\NSI.dll
0x00007fffb98c0000 - 0x00007fffb98d7000 	C:\WINDOWS\SYSTEM32\dhcpcsvc6.DLL
0x00007fffb89f0000 - 0x00007fffb8a0d000 	C:\WINDOWS\SYSTEM32\dhcpcsvc.DLL
0x00007fffbf040000 - 0x00007fffbf10a000 	C:\WINDOWS\SYSTEM32\DNSAPI.dll
0x00007fffaa390000 - 0x00007fffaa399000 	C:\Program Files\Microsoft\jdk-17.0.14.7-hotspot\bin\extnet.dll
0x00007fffbf560000 - 0x00007fffbf578000 	C:\WINDOWS\SYSTEM32\CRYPTSP.dll
0x00007fffbec20000 - 0x00007fffbec58000 	C:\WINDOWS\system32\rsaenh.dll
0x00007fffbfa90000 - 0x00007fffbfabe000 	C:\WINDOWS\SYSTEM32\USERENV.dll
0x00007fffbf580000 - 0x00007fffbf58c000 	C:\WINDOWS\SYSTEM32\CRYPTBASE.dll
0x00007fffa88f0000 - 0x00007fffa88fe000 	C:\Program Files\Microsoft\jdk-17.0.14.7-hotspot\bin\sunmscapi.dll
0x00007fffbffe0000 - 0x00007fffc013d000 	C:\WINDOWS\System32\CRYPT32.dll
0x00007fffbf680000 - 0x00007fffbf6a7000 	C:\WINDOWS\SYSTEM32\ncrypt.dll
0x00007fffbf640000 - 0x00007fffbf67b000 	C:\WINDOWS\SYSTEM32\NTASN1.dll
0x00007fffbcfb0000 - 0x00007fffbcfb7000 	C:\WINDOWS\system32\wshunix.dll

dbghelp: loaded successfully - version: 4.0.5 - missing functions: none
symbol engine: initialized successfully - sym options: 0x614 - pdb path: .;C:\Program Files\Microsoft\jdk-17.0.14.7-hotspot\bin;C:\WINDOWS\SYSTEM32;C:\WINDOWS\WinSxS\amd64_microsoft.windows.common-controls_6595b64144ccf1df_6.0.19041.4355_none_60b8b9eb71f62e16;C:\Program Files\Microsoft\jdk-17.0.14.7-hotspot\bin\server;C:\Users\Stephanie\.gradle\native\1def1411415f61bf3af743bc5b6707747c0891f09f0c88961ee8f79bc544acac\windows-amd64;C:\Users\Stephanie\.gradle\native\jansi\1.18\windows64

VM Arguments:
jvm_args: -Xmx64m -Xms64m -Dorg.gradle.appname=gradlew 
java_command: org.gradle.wrapper.GradleWrapperMain app:installDebug -PreactNativeDevServerPort=8081
java_class_path (initial): C:\Projetos\RN-Mar25-FSAlchemists-Taskly\android\\gradle\wrapper\gradle-wrapper.jar
Launcher Type: SUN_STANDARD

[Global flags]
     intx CICompilerCount                          = 3                                         {product} {ergonomic}
     uint ConcGCThreads                            = 1                                         {product} {ergonomic}
     uint G1ConcRefinementThreads                  = 4                                         {product} {ergonomic}
   size_t G1HeapRegionSize                         = 1048576                                   {product} {ergonomic}
    uintx GCDrainStackTargetSize                   = 64                                        {product} {ergonomic}
   size_t InitialHeapSize                          = 67108864                                  {product} {command line}
   size_t MarkStackSize                            = 4194304                                   {product} {ergonomic}
   size_t MaxHeapSize                              = 67108864                                  {product} {command line}
   size_t MaxNewSize                               = 39845888                                  {product} {ergonomic}
   size_t MinHeapDeltaBytes                        = 1048576                                   {product} {ergonomic}
   size_t MinHeapSize                              = 67108864                                  {product} {command line}
    uintx NonNMethodCodeHeapSize                   = 5832780                                {pd product} {ergonomic}
    uintx NonProfiledCodeHeapSize                  = 122912730                              {pd product} {ergonomic}
    uintx ProfiledCodeHeapSize                     = 122912730                              {pd product} {ergonomic}
    uintx ReservedCodeCacheSize                    = 251658240                              {pd product} {ergonomic}
     bool SegmentedCodeCache                       = true                                      {product} {ergonomic}
   size_t SoftMaxHeapSize                          = 67108864                               {manageable} {ergonomic}
     bool UseCompressedClassPointers               = true                           {product lp64_product} {ergonomic}
     bool UseCompressedOops                        = true                           {product lp64_product} {ergonomic}
     bool UseG1GC                                  = true                                      {product} {ergonomic}
     bool UseLargePagesIndividualAllocation        = false                                  {pd product} {ergonomic}

Logging:
Log output configuration:
 #0: stdout all=warning uptime,level,tags
 #1: stderr all=off uptime,level,tags

Environment Variables:
JAVA_HOME=C:\Program Files\Microsoft\jdk-17.0.14.7-hotspot
CLASSPATH=C:\Projetos\RN-Mar25-FSAlchemists-Taskly\android\\gradle\wrapper\gradle-wrapper.jar
PATH=C:\Projetos\RN-Mar25-FSAlchemists-Taskly\node_modules\.bin;C:\Projetos\RN-Mar25-FSAlchemists-Taskly\android\node_modules\.bin;C:\Projetos\RN-Mar25-FSAlchemists-Taskly\node_modules\.bin;C:\Projetos\node_modules\.bin;C:\node_modules\.bin;C:\Users\Stephanie\AppData\Roaming\npm\node_modules\npm\node_modules\@npmcli\run-script\lib\node-gyp-bin;C:\Program Files\Microsoft\jdk-17.0.14.7-hotspot\bin;C:\Program Files\Common Files\Oracle\Java\javapath;C:\WINDOWS\system32;C:\WINDOWS;C:\WINDOWS\System32\Wbem;C:\WINDOWS\System32\WindowsPowerShell\v1.0\;C:\WINDOWS\System32\OpenSSH\;C:\Program Files (x86)\NVIDIA Corporation\PhysX\Common;C:\Program Files\dotnet\;C:\Program Files\Git\cmd;C:\Program Files\nodejs\;C:\ProgramData\chocolatey\bin;C:\Program Files (x86)\Yarn\bin\;C:\Users\Stephanie\AppData\Local\Android\Sdk\emulator;C:\Users\Stephanie\AppData\Local\Android\Sdk\tools;C:\Users\Stephanie\AppData\Local\Android\Sdk\tools\bin;C:\Users\Stephanie\AppData\Local\Android\Sdk\platform-tools;C:\Users\Stephanie\.console-ninja\.bin;C:\Users\Stephanie\AppData\Local\Microsoft\WindowsApps;C:\Users\Stephanie\AppData\Local\Programs\Microsoft VS Code\bin;C:\Users\Stephanie\AppData\Local\GitHubDesktop\bin;C:\Users\Stephanie\.dotnet\tools;C:\Users\Stephanie\AppData\Roaming\npm;C:\Users\Stephanie\AppData\Local\Yarn\bin;C:\Users\Stephanie\AppData\Local\Android\Sdk\emulator;C:\Users\Stephanie\AppData\Local\Android\Sdk\tools;C:\Users\Stephanie\AppData\Local\Android\Sdk\tools\bin;C:\Users\Stephanie\AppData\Local\Android\Sdk\platform-tools;
USERNAME=Stephanie
OS=Windows_NT
PROCESSOR_IDENTIFIER=Intel64 Family 6 Model 60 Stepping 3, GenuineIntel
TMP=C:\Users\STEPHA~1\AppData\Local\Temp
TEMP=C:\Users\STEPHA~1\AppData\Local\Temp



Periodic native trim disabled


---------------  S Y S T E M  ---------------

OS:
 Windows 10 , 64 bit Build 19041 (10.0.19041.5678)
OS uptime: 5 days 19:03 hours

CPU: total 4 (initial active 4) (2 cores per cpu, 2 threads per core) family 6 model 60 stepping 3 microcode 0x27, cx8, cmov, fxsr, ht, mmx, sse, sse2, sse3, ssse3, sse4.1, sse4.2, popcnt, lzcnt, tsc, tscinvbit, avx, avx2, aes, erms, clmul, bmi1, bmi2, fma, vzeroupper, clflush
Processor Information for the first 4 processors :
  Max Mhz: 3700, Current Mhz: 800, Mhz Limit: 3700

Memory: 4k page, system-wide physical 8127M (559M free)
TotalPageFile size 26094M (AvailPageFile size 9M)
current process WorkingSet (physical memory assigned to process): 41M, peak: 100M
current process commit charge ("private bytes"): 162M, peak: 173M

vm_info: OpenJDK 64-Bit Server VM (17.0.14+7-LTS) for windows-amd64 JRE (17.0.14+7-LTS), built on Jan  8 2025 23:39:28 by "MicrosoftCorporation" with unknown MS VC++:1939

END.
